UICM-UISM-UIConM-UIQM-UCIQE
Input/2.png	2022-03-20 16:32:31
-2.9883138941359135	4.600839135126665	0.05633986917778144	1.4757892790595937	0.3758095325005346
4.346167853532491	5.677950751738584	0.19441281260192939	2.4943449193536984	1.4792550244513063
UICM-UISM-UIConM-UIQM-UCIQE
Input/2.png	2022-03-20 16:54:29
-2.9883138941359135	4.600839135126665	0.05633986917778144	1.4757892790595937	0.3758095325005346
4.580894017400612	5.74559134185499	0.19456901262941378	2.521496925394419	1.4330483248990253
UICM-UISM-UIConM-UIQM-UCIQE
Input/2.png	2022-03-20 17:02:50
-2.9883138941359135	4.600839135126665	0.05633986917778144	1.4757892790595937	0.3758095325005346
UICM-UISM-UIConM-UIQM-UCIQE
Input/2.png	2022-03-20 17:04:20
-2.9883138941359135	4.600839135126665	0.05633986917778144	1.4757892790595937	0.3758095325005346
8.788180095949432	7.066482039318314	0.16864850396630418	2.9375278211472	1.1228836705883223
UICM-UISM-UIConM-UIQM-UCIQE
Input/2.png	2022-03-20 17:05:19
-2.9883138941359135	4.600839135126665	0.05633986917778144	1.4757892790595937	0.3758095325005346
3.957379501567973	6.751131505796581	0.23604890135989834	2.949152872637992	1.5457604029752723
UICM-UISM-UIConM-UIQM-UCIQE
Input/2.png	2022-03-20 17:07:07
-2.9883138941359135	4.600839135126665	0.05633986917778144	1.4757892790595937	0.3758095325005346
4.41920203798097	5.707948123768661	0.19369664827302338	2.5027022049904892	1.459002483866792
UICM-UISM-UIConM-UIQM-UCIQE
Input/2.png	2022-03-20 17:11:59
-2.9883138941359135	4.600839135126665	0.05633986917778144	1.4757892790595937	0.3758095325005346
4.108727627760224	5.623586710149673	0.19422945567041072	2.470939847468456	1.5910922737135227
UICM-UISM-UIConM-UIQM-UCIQE
Input/2.png	2022-03-20 17:13:43
-2.9883138941359135	4.600839135126665	0.05633986917778144	1.4757892790595937	0.3758095325005346
4.207610809490789	5.65177600264097	0.19429336844916717	2.482281158623826	1.528923894181084
